Mode : PROD
DB Construcor : P
DB Mode : PROD
<Section: PROD>
/start
5060925675 /start /start
insert into LogTBL values('5060925675','/start','/start',current_timestamp)
/join
5060925675 /join /join
insert into LogTBL values('5060925675','/join','/join',current_timestamp)
/join 수형 010-4917-4749 2020041
5060925675 /join /join 수형 010-4917-4749 2020041
insert into LogTBL values('5060925675','/join 수형 010-4917-4749 2020041','/join',current_timestamp)
insert into UserTBL values('5060925675','수형','010-4917-4749','2020041','Y',current_timestamp,current_timestamp)
help
5060925675 help help
insert into LogTBL values('5060925675','help','help',current_timestamp)
/user
5060925675 /user /user
insert into LogTBL values('5060925675','/user','/user',current_timestamp)
5060925675 수형 010-4917-4749 2020041 Y 2021-12-03 20:37:35 2021-12-03 20:37:35
/show
5060925675 /show /show
insert into LogTBL values('5060925675','/show','/show',current_timestamp)
/notice
5060925675 /notice /notice
insert into LogTBL values('5060925675','/notice','/notice',current_timestamp)
/add
5060925675 /add /add
insert into LogTBL values('5060925675','/add','/add',current_timestamp)
1
/addr
5060925675 /addr /addr
insert into LogTBL values('5060925675','/addr','/addr',current_timestamp)
1
