Mode : PROD
DB Construcor : P
DB Mode : PROD
<Section: PROD>
/start
5080558531 /start /start
insert into LogTBL values('5080558531','/start','/start',current_timestamp)
/join
5080558531 /join /join
insert into LogTBL values('5080558531','/join','/join',current_timestamp)
/join 김민재 010-9275-2770 2010119
5080558531 /join /join 김민재 010-9275-2770 2010119
insert into LogTBL values('5080558531','/join 김민재 010-9275-2770 2010119','/join',current_timestamp)
insert into UserTBL values('5080558531','김민재','010-9275-2770','2010119','Y',current_timestamp,current_timestamp)
/user
5080558531 /user /user
insert into LogTBL values('5080558531','/user','/user',current_timestamp)
5080558531 김민재 010-9275-2770 2010119 Y 2021-12-10 09:06:18 2021-12-10 09:06:18
/add
5080558531 /add /add
insert into LogTBL values('5080558531','/add','/add',current_timestamp)
1
/notice
5080558531 /notice /notice
insert into LogTBL values('5080558531','/notice','/notice',current_timestamp)
/add 방민선 여 160 27 공무원 인천 010-8877-3609
5080558531 /add /add 방민선 여 160 27 공무원 인천 010-8877-3609
insert into LogTBL values('5080558531','/add 방민선 여 160 27 공무원 인천 010-8877-3609','/add',current_timestamp)
8
insert into MateTBL(telegramID, name, sex, tall, age, company, area, phoneNumber, regDate, modDate) values('5080558531','방민선','여','160','27','공무원','인천','010-8877-3609',current_timestamp,current_timestamp)
/show
5080558531 /show /show
insert into LogTBL values('5080558531','/show','/show',current_timestamp)
/check
5080558531 /check /check
insert into LogTBL values('5080558531','/check','/check',current_timestamp)
/check 방민선
5080558531 /check /check 방민선
insert into LogTBL values('5080558531','/check 방민선','/check',current_timestamp)
select A.*, B.sex, B.tall, B.age, B.company, B.area, C.name, C.phoneNumber from MatchTBL A, MateTBL B, UserTBL C where A.telegramID='5080558531' and A.name='방민선' and A.partnerID = B.telegramID and A.partnerName = B.name and C.telegramID = B.telegramID and A.del='N'
select A.*, B.sex, B.tall, B.age, B.company, B.area, C.name, C.phoneNumber from MatchTBL A, MateTBL B, UserTBL C where A.partnerID='5080558531' and A.partnerName='방민선' and A.telegramID = B.telegramID and A.name = B.name and coupling='N' and C.telegramID = B.telegramID and A.del='N'
0
0
P||5080558531||매칭 내역이 없습니다.
/show
2026330004 /show /show
insert into LogTBL values('2026330004','/show','/show',current_timestamp)
/addr
5080558531 /addr /addr
insert into LogTBL values('5080558531','/addr','/addr',current_timestamp)
1
/addr 방민선 173 200 25 31
5080558531 /addr /addr 방민선 173 200 25 31
insert into LogTBL values('5080558531','/addr 방민선 173 200 25 31','/addr',current_timestamp)
6
insert into ReqTBL values('5080558531','방민선','173','200','25','31',NULL,current_timestamp,current_timestamp)
select * from MateTBL where telegramID ='5080558531' and name = '방민선'
mateData : 방민선
Matching Constructor : P
DB Construcor : P
DB Mode : PROD
<Section: PROD>
select * from MateTBL where tall between '173' and '200' and age between '25' and '31' and sex = '남' and telegramID != '5080558531'
2026330004
2051529128
2095289208
2143383014
match data : 2026330004, 이상문, 남
select * from ReqTBL where telegramID ='2026330004' and name = '이상문'
2026330004 이상문 5080558531 방민선
insert into MatchTBL values('2026330004','이상문','5080558531','방민선','Y','N',current_timestamp,current_timestamp)
insert into MatchTBL values('5080558531','방민선','2026330004','이상문','Y','N',current_timestamp,current_timestamp)
P||2026330004||소개팅대상자 [이상문] 이(가) 매칭되었습니다! 

/check를 통해 매칭데이터를 확인하세요
P||5080558531||소개팅대상자 [방민선] 이(가) 매칭되었습니다! 

/check를 통해 매칭데이터를 확인하세요
match data : 2051529128, 공병, 남
select * from ReqTBL where telegramID ='2051529128' and name = '공병'
2051529128 공병 5080558531 방민선
insert into MatchTBL values('2051529128','공병','5080558531','방민선','Y','N',current_timestamp,current_timestamp)
insert into MatchTBL values('5080558531','방민선','2051529128','공병','Y','N',current_timestamp,current_timestamp)
P||2051529128||소개팅대상자 [공병] 이(가) 매칭되었습니다! 

/check를 통해 매칭데이터를 확인하세요
P||5080558531||소개팅대상자 [방민선] 이(가) 매칭되었습니다! 

/check를 통해 매칭데이터를 확인하세요
match data : 2095289208, 조성훈, 남
select * from ReqTBL where telegramID ='2095289208' and name = '조성훈'
insert into MatchTBL values('5080558531','방민선','2095289208','조성훈','N','N',current_timestamp,current_timestamp)
P||2095289208||소개팅 대상자 [조성훈] 을(를) 원하는 사람이 있습니다! use 

/check to check matching
P||5080558531||소개팅 대상자 [방민선] 이(가) 매칭되었습니다! 

/check 를 통해 매칭데이터를 확인하세요
match data : 2143383014, 김태훈, 남
select * from ReqTBL where telegramID ='2143383014' and name = '김태훈'
insert into MatchTBL values('5080558531','방민선','2143383014','김태훈','N','N',current_timestamp,current_timestamp)
P||2143383014||소개팅대상자 [김태훈] 을(를) 원하는 사람이 있습니다! 

/check를 통해 매칭데이터를 확인하세요
P||5080558531||소개팅대상자 [방민선] 이(가) 매칭되었습니다! 

/check를 통해 매칭데이터를 확인하세요
Matching Destructor
DB Destructor
/check 방민선
5080558531 /check /check 방민선
insert into LogTBL values('5080558531','/check 방민선','/check',current_timestamp)
select A.*, B.sex, B.tall, B.age, B.company, B.area, C.name, C.phoneNumber from MatchTBL A, MateTBL B, UserTBL C where A.telegramID='5080558531' and A.name='방민선' and A.partnerID = B.telegramID and A.partnerName = B.name and C.telegramID = B.telegramID and A.del='N'
select A.*, B.sex, B.tall, B.age, B.company, B.area, C.name, C.phoneNumber from MatchTBL A, MateTBL B, UserTBL C where A.partnerID='5080558531' and A.partnerName='방민선' and A.telegramID = B.telegramID and A.name = B.name and coupling='N' and C.telegramID = B.telegramID and A.del='N'
4
0
P||5080558531||방민선 <-> 이상문, tall : 174 age : 31 company : LG씨엔에스 area : 마곡

표중선 number : 010-5667-6106에게 연락하여 이상문에 대해 문의하세요!
P||5080558531||방민선 <-> 공병, tall : 174 age : 26 company : IBD area : 여의도

다슬 number : 010-9071-9204에게 연락하여 공병에 대해 문의하세요!
P||5080558531||방민선 -> 조성훈, tall : 177 age : 31 company : 한은 area : 분당

조성훈 number : 010-3344-9987에게 연락하여 조성훈에 대해 문의하세요!
P||5080558531||방민선 -> 김태훈, tall : 180 age : 29 company : 한국은행 area : 분당

김태훈 number : 01088612469에게 연락하여 김태훈에 대해 문의하세요!
/check 이상문
2026330004 /check /check 이상문
insert into LogTBL values('2026330004','/check 이상문','/check',current_timestamp)
select A.*, B.sex, B.tall, B.age, B.company, B.area, C.name, C.phoneNumber from MatchTBL A, MateTBL B, UserTBL C where A.telegramID='2026330004' and A.name='이상문' and A.partnerID = B.telegramID and A.partnerName = B.name and C.telegramID = B.telegramID and A.del='N'
select A.*, B.sex, B.tall, B.age, B.company, B.area, C.name, C.phoneNumber from MatchTBL A, MateTBL B, UserTBL C where A.partnerID='2026330004' and A.partnerName='이상문' and A.telegramID = B.telegramID and A.name = B.name and coupling='N' and C.telegramID = B.telegramID and A.del='N'
2
0
P||2026330004||이상문 -> 다은, tall : 155 age : 26 company : 마케팅 area : 부천

다슬 number : 010-9071-9204에게 연락하여 다은에 대해 문의하세요!
P||2026330004||이상문 <-> 방민선, tall : 160 age : 27 company : 공무원 area : 인천

김민재 number : 010-9275-2770에게 연락하여 방민선에 대해 문의하세요!
/check
2051529128 /check /check
insert into LogTBL values('2051529128','/check','/check',current_timestamp)
/check 공병
2051529128 /check /check 공병
insert into LogTBL values('2051529128','/check 공병','/check',current_timestamp)
select A.*, B.sex, B.tall, B.age, B.company, B.area, C.name, C.phoneNumber from MatchTBL A, MateTBL B, UserTBL C where A.telegramID='2051529128' and A.name='공병' and A.partnerID = B.telegramID and A.partnerName = B.name and C.telegramID = B.telegramID and A.del='N'
select A.*, B.sex, B.tall, B.age, B.company, B.area, C.name, C.phoneNumber from MatchTBL A, MateTBL B, UserTBL C where A.partnerID='2051529128' and A.partnerName='공병' and A.telegramID = B.telegramID and A.name = B.name and coupling='N' and C.telegramID = B.telegramID and A.del='N'
1
0
P||2051529128||공병 <-> 방민선, tall : 160 age : 27 company : 공무원 area : 인천

김민재 number : 010-9275-2770에게 연락하여 방민선에 대해 문의하세요!
Mode : PROD
DB Construcor : P
DB Mode : PROD
<Section: PROD>
/notice
2026330004 /notice /notice
insert into LogTBL values('2026330004','/notice','/notice',current_timestamp)
insert into NoticeTBL(msg, send, regDate, modDate) values(' 매칭내역 조회기간이 2주로 수정되었습니다. 소개팅대상의 핸드폰번호 입력이 삭제되었습니다','N',current_timestamp,current_timestamp)
P||2026330004|| 매칭내역 조회기간이 2주로 수정되었습니다. 소개팅대상의 핸드폰번호 입력이 삭제되었습니다
/start
5013749171 /start /start
insert into LogTBL values('5013749171','/start','/start',current_timestamp)
/join
5013749171 /join /join
insert into LogTBL values('5013749171','/join','/join',current_timestamp)
/join 임계원 010-5165-7890 2010267
5013749171 /join /join 임계원 010-5165-7890 2010267
insert into LogTBL values('5013749171','/join 임계원 010-5165-7890 2010267','/join',current_timestamp)
insert into UserTBL values('5013749171','임계원','010-5165-7890','2010267','Y',current_timestamp,current_timestamp)
/user
5013749171 /user /user
insert into LogTBL values('5013749171','/user','/user',current_timestamp)
5013749171 임계원 010-5165-7890 2010267 Y 2021-12-10 10:13:03 2021-12-10 10:13:03
/add
5013749171 /add /add
insert into LogTBL values('5013749171','/add','/add',current_timestamp)
1
/add
2026330004 /add /add
insert into LogTBL values('2026330004','/add','/add',current_timestamp)
1
/show
5013749171 /show /show
insert into LogTBL values('5013749171','/show','/show',current_timestamp)
/check
5013749171 /check /check
insert into LogTBL values('5013749171','/check','/check',current_timestamp)
/notice
5013749171 /notice /notice
insert into LogTBL values('5013749171','/notice','/notice',current_timestamp)
/check 조성훈
2095289208 /check /check 조성훈
insert into LogTBL values('2095289208','/check 조성훈','/check',current_timestamp)
select A.*, B.sex, B.tall, B.age, B.company, B.area, C.name, C.phoneNumber from MatchTBL A, MateTBL B, UserTBL C where A.telegramID='2095289208' and A.name='조성훈' and A.partnerID = B.telegramID and A.partnerName = B.name and C.telegramID = B.telegramID and A.del='N'
select A.*, B.sex, B.tall, B.age, B.company, B.area, C.name, C.phoneNumber from MatchTBL A, MateTBL B, UserTBL C where A.partnerID='2095289208' and A.partnerName='조성훈' and A.telegramID = B.telegramID and A.name = B.name and coupling='N' and C.telegramID = B.telegramID and A.del='N'
0
1
P||2095289208||조성훈 -> 방민선, tall : 160 age : 27 company : 공무원 area : 인천

김민재 number : 010-9275-2770에게 연락하여 조성훈에 대해 문의하세요!
/addr
5013749171 /addr /addr
insert into LogTBL values('5013749171','/addr','/addr',current_timestamp)
1
/check 이상문
2026330004 /check /check 이상문
insert into LogTBL values('2026330004','/check 이상문','/check',current_timestamp)
select A.*, B.sex, B.tall, B.age, B.company, B.area, C.name, C.phoneNumber from MatchTBL A, MateTBL B, UserTBL C where A.telegramID='2026330004' and A.name='이상문' and A.partnerID = B.telegramID and A.partnerName = B.name and C.telegramID = B.telegramID and A.del='N'
select A.*, B.sex, B.tall, B.age, B.company, B.area, C.name, C.phoneNumber from MatchTBL A, MateTBL B, UserTBL C where A.partnerID='2026330004' and A.partnerName='이상문' and A.telegramID = B.telegramID and A.name = B.name and coupling='N' and C.telegramID = B.telegramID and A.del='N'
2
0
P||2026330004||이상문 -> 다은, tall : 155 age : 26 company : 마케팅 area : 부천

다슬 number : 010-9071-9204에게 연락하여 다은에 대해 문의하세요!
P||2026330004||이상문 <-> 방민선, tall : 160 age : 27 company : 공무원 area : 인천

김민재 number : 010-9275-2770에게 연락하여 방민선에 대해 문의하세요!
/check 조성훈
2095289208 /check /check 조성훈
insert into LogTBL values('2095289208','/check 조성훈','/check',current_timestamp)
select A.*, B.sex, B.tall, B.age, B.company, B.area, C.name, C.phoneNumber from MatchTBL A, MateTBL B, UserTBL C where A.telegramID='2095289208' and A.name='조성훈' and A.partnerID = B.telegramID and A.partnerName = B.name and C.telegramID = B.telegramID and A.del='N'
select A.*, B.sex, B.tall, B.age, B.company, B.area, C.name, C.phoneNumber from MatchTBL A, MateTBL B, UserTBL C where A.partnerID='2095289208' and A.partnerName='조성훈' and A.telegramID = B.telegramID and A.name = B.name and coupling='N' and C.telegramID = B.telegramID and A.del='N'
0
1
P||2095289208||조성훈 -> 방민선, tall : 160 age : 27 company : 공무원 area : 인천

김민재 number : 010-9275-2770에게 연락하여 조성훈에 대해 문의하세요!
/check 조성훈
2095289208 /check /check 조성훈
insert into LogTBL values('2095289208','/check 조성훈','/check',current_timestamp)
select A.*, B.sex, B.tall, B.age, B.company, B.area, C.name, C.phoneNumber from MatchTBL A, MateTBL B, UserTBL C where A.telegramID='2095289208' and A.name='조성훈' and A.partnerID = B.telegramID and A.partnerName = B.name and C.telegramID = B.telegramID and A.del='N'
select A.*, B.sex, B.tall, B.age, B.company, B.area, C.name, C.phoneNumber from MatchTBL A, MateTBL B, UserTBL C where A.partnerID='2095289208' and A.partnerName='조성훈' and A.telegramID = B.telegramID and A.name = B.name and coupling='N' and C.telegramID = B.telegramID and A.del='N'
0
1
P||2095289208||조성훈 -> 방민선, tall : 160 age : 27 company : 공무원 area : 인천

김민재 number : 010-9275-2770에게 연락하여 조성훈에 대해 문의하세요!
/notice
2095289208 /notice /notice
insert into LogTBL values('2095289208','/notice','/notice',current_timestamp)
/check 방민선
5080558531 /check /check 방민선
insert into LogTBL values('5080558531','/check 방민선','/check',current_timestamp)
select A.*, B.sex, B.tall, B.age, B.company, B.area, C.name, C.phoneNumber from MatchTBL A, MateTBL B, UserTBL C where A.telegramID='5080558531' and A.name='방민선' and A.partnerID = B.telegramID and A.partnerName = B.name and C.telegramID = B.telegramID and A.del='N'
select A.*, B.sex, B.tall, B.age, B.company, B.area, C.name, C.phoneNumber from MatchTBL A, MateTBL B, UserTBL C where A.partnerID='5080558531' and A.partnerName='방민선' and A.telegramID = B.telegramID and A.name = B.name and coupling='N' and C.telegramID = B.telegramID and A.del='N'
4
0
P||5080558531||방민선 <-> 이상문, tall : 174 age : 31 company : LG씨엔에스 area : 마곡

표중선 number : 010-5667-6106에게 연락하여 이상문에 대해 문의하세요!
P||5080558531||방민선 <-> 공병, tall : 174 age : 26 company : IBD area : 여의도

다슬 number : 010-9071-9204에게 연락하여 공병에 대해 문의하세요!
P||5080558531||방민선 -> 조성훈, tall : 177 age : 31 company : 한은 area : 분당

조성훈 number : 010-3344-9987에게 연락하여 조성훈에 대해 문의하세요!
P||5080558531||방민선 -> 김태훈, tall : 180 age : 29 company : 한국은행 area : 분당

김태훈 number : 01088612469에게 연락하여 김태훈에 대해 문의하세요!
/show 방민선
5080558531 /show /show 방민선
insert into LogTBL values('5080558531','/show 방민선','/show',current_timestamp)
/notice
2095289208 /notice /notice
insert into LogTBL values('2095289208','/notice','/notice',current_timestamp)
/add
983117815 /add /add
insert into LogTBL values('983117815','/add','/add',current_timestamp)
1
