Mode : PROD
DB Construcor : P
DB Mode : PROD
<Section: PROD>
/add 다은 여성 155 26 마케팅 부천 010-7186-7400
2051529128 /add /add 다은 여성 155 26 마케팅 부천 010-7186-7400
insert into LogTBL values('2051529128','/add 다은 여성 155 26 마케팅 부천 010-7186-7400','/add',current_timestamp)
8
insert into MateTBL(telegramID, name, sex, tall, age, company, area, phoneNumber, regDate, modDate) values('2051529128','다은','여성','155','26','마케팅','부천','010-7186-7400',current_timestamp,current_timestamp)
mate insert error
(1406, "Data too long for column 'sex' at row 1")
/addr
2051529128 /addr /addr
insert into LogTBL values('2051529128','/addr','/addr',current_timestamp)
1
/addr 다은 176 190 20 32
2051529128 /addr /addr 다은 176 190 20 32
insert into LogTBL values('2051529128','/addr 다은 176 190 20 32','/addr',current_timestamp)
6
/add 다은 여 155 26 마케팅 부천 010-7186-7400
2051529128 /add /add 다은 여 155 26 마케팅 부천 010-7186-7400
insert into LogTBL values('2051529128','/add 다은 여 155 26 마케팅 부천 010-7186-7400','/add',current_timestamp)
8
insert into MateTBL(telegramID, name, sex, tall, age, company, area, phoneNumber, regDate, modDate) values('2051529128','다은','여','155','26','마케팅','부천','010-7186-7400',current_timestamp,current_timestamp)
/addr 다은 176 190 20 32
2051529128 /addr /addr 다은 176 190 20 32
insert into LogTBL values('2051529128','/addr 다은 176 190 20 32','/addr',current_timestamp)
6
insert into ReqTBL values('2051529128','다은','176','190','20','32',NULL,current_timestamp,current_timestamp)
select * from MateTBL where telegramID ='2051529128' and name = '다은'
mateData : 다은
Matching Constructor : P
DB Construcor : P
DB Mode : PROD
<Section: PROD>
select * from MateTBL where tall between '176' and '190' and age between '20' and '32' and sex = '남' and telegramID != '2051529128'
2143383014
match data : 2143383014, 김태훈, 남
select * from ReqTBL where telegramID ='2143383014' and name = '김태훈'
insert into MatchTBL values('2051529128','다은','2143383014','김태훈','N','N',current_timestamp,current_timestamp)
P||2143383014||소개팅대상자 [김태훈] 을(를) 원하는 사람이 있습니다! 

/check를 통해 매칭데이터를 확인하세요
P||2051529128||소개팅대상자 [다은] 이(가) 매칭되었습니다! 

/check를 통해 매칭데이터를 확인하세요
Matching Destructor
DB Destructor
/check 다은
2051529128 /check /check 다은
insert into LogTBL values('2051529128','/check 다은','/check',current_timestamp)
select A.*, B.sex, B.tall, B.age, B.company, B.area, C.name, C.phoneNumber from MatchTBL A, MateTBL B, UserTBL C where A.telegramID='2051529128' and A.name='다은' and A.partnerID = B.telegramID and A.partnerName = B.name and C.telegramID = B.telegramID and A.del='N'
select A.*, B.sex, B.tall, B.age, B.company, B.area, C.name, C.phoneNumber from MatchTBL A, MateTBL B, UserTBL C where A.partnerID='2051529128' and A.partnerName='다은' and A.telegramID = B.telegramID and A.name = B.name and coupling='N' and C.telegramID = B.telegramID and A.del='N'
1
0
P||2051529128||다은 -> 김태훈, tall : 180 age : 29 company : 한국은행 area : 분당

김태훈 number : 01088612469에게 연락하여 김태훈에 대해 문의하세요!
/check
2143383014 /check /check
insert into LogTBL values('2143383014','/check','/check',current_timestamp)
/check 김태훈
2143383014 /check /check 김태훈
insert into LogTBL values('2143383014','/check 김태훈','/check',current_timestamp)
select A.*, B.sex, B.tall, B.age, B.company, B.area, C.name, C.phoneNumber from MatchTBL A, MateTBL B, UserTBL C where A.telegramID='2143383014' and A.name='김태훈' and A.partnerID = B.telegramID and A.partnerName = B.name and C.telegramID = B.telegramID and A.del='N'
select A.*, B.sex, B.tall, B.age, B.company, B.area, C.name, C.phoneNumber from MatchTBL A, MateTBL B, UserTBL C where A.partnerID='2143383014' and A.partnerName='김태훈' and A.telegramID = B.telegramID and A.name = B.name and coupling='N' and C.telegramID = B.telegramID and A.del='N'
0
1
P||2143383014||김태훈 -> 다은, tall : 155 age : 26 company : 마케팅 area : 부천

다슬 number : 010-9071-9204에게 연락하여 김태훈에 대해 문의하세요!
/add 조성훈 남 177 31 한은 분당 010-3344-9987
2095289208 /add /add 조성훈 남 177 31 한은 분당 010-3344-9987
insert into LogTBL values('2095289208','/add 조성훈 남 177 31 한은 분당 010-3344-9987','/add',current_timestamp)
8
insert into MateTBL(telegramID, name, sex, tall, age, company, area, phoneNumber, regDate, modDate) values('2095289208','조성훈','남','177','31','한은','분당','010-3344-9987',current_timestamp,current_timestamp)
/show
2095289208 /show /show
insert into LogTBL values('2095289208','/show','/show',current_timestamp)
/addr
2095289208 /addr /addr
insert into LogTBL values('2095289208','/addr','/addr',current_timestamp)
1
/addr 조성훈 155 173 26 32
2095289208 /addr /addr 조성훈 155 173 26 32
insert into LogTBL values('2095289208','/addr 조성훈 155 173 26 32','/addr',current_timestamp)
6
insert into ReqTBL values('2095289208','조성훈','155','173','26','32',NULL,current_timestamp,current_timestamp)
select * from MateTBL where telegramID ='2095289208' and name = '조성훈'
mateData : 조성훈
Matching Constructor : P
DB Construcor : P
DB Mode : PROD
<Section: PROD>
select * from MateTBL where tall between '155' and '173' and age between '26' and '32' and sex = '여' and telegramID != '2095289208'
2051529128
2106117527
match data : 2051529128, 다은, 여
select * from ReqTBL where telegramID ='2051529128' and name = '다은'
2051529128 다은 2095289208 조성훈
insert into MatchTBL values('2051529128','다은','2095289208','조성훈','Y','N',current_timestamp,current_timestamp)
insert into MatchTBL values('2095289208','조성훈','2051529128','다은','Y','N',current_timestamp,current_timestamp)
P||2051529128||소개팅대상자 [다은] 이(가) 매칭되었습니다! 

/check를 통해 매칭데이터를 확인하세요
P||2095289208||소개팅대상자 [조성훈] 이(가) 매칭되었습니다! 

/check를 통해 매칭데이터를 확인하세요
match data : 2106117527, 지윤, 여
select * from ReqTBL where telegramID ='2106117527' and name = '지윤'
insert into MatchTBL values('2095289208','조성훈','2106117527','지윤','N','N',current_timestamp,current_timestamp)
P||2106117527||소개팅 대상자 [지윤] 을(를) 원하는 사람이 있습니다! use 

/check to check matching
P||2095289208||소개팅 대상자 [조성훈] 이(가) 매칭되었습니다! 

/check 를 통해 매칭데이터를 확인하세요
Matching Destructor
DB Destructor
/check
2095289208 /check /check
insert into LogTBL values('2095289208','/check','/check',current_timestamp)
/check 조성훈
2095289208 /check /check 조성훈
insert into LogTBL values('2095289208','/check 조성훈','/check',current_timestamp)
select A.*, B.sex, B.tall, B.age, B.company, B.area, C.name, C.phoneNumber from MatchTBL A, MateTBL B, UserTBL C where A.telegramID='2095289208' and A.name='조성훈' and A.partnerID = B.telegramID and A.partnerName = B.name and C.telegramID = B.telegramID and A.del='N'
select A.*, B.sex, B.tall, B.age, B.company, B.area, C.name, C.phoneNumber from MatchTBL A, MateTBL B, UserTBL C where A.partnerID='2095289208' and A.partnerName='조성훈' and A.telegramID = B.telegramID and A.name = B.name and coupling='N' and C.telegramID = B.telegramID and A.del='N'
2
0
P||2095289208||조성훈 <-> 다은, tall : 155 age : 26 company : 마케팅 area : 부천

다슬 number : 010-9071-9204에게 연락하여 다은에 대해 문의하세요!
P||2095289208||조성훈 -> 지윤, tall : 160 age : 26 company : 공기업 area : 잠실

지현 number : 010-3489-9834에게 연락하여 지윤에 대해 문의하세요!
/check 다은
2051529128 /check /check 다은
insert into LogTBL values('2051529128','/check 다은','/check',current_timestamp)
select A.*, B.sex, B.tall, B.age, B.company, B.area, C.name, C.phoneNumber from MatchTBL A, MateTBL B, UserTBL C where A.telegramID='2051529128' and A.name='다은' and A.partnerID = B.telegramID and A.partnerName = B.name and C.telegramID = B.telegramID and A.del='N'
select A.*, B.sex, B.tall, B.age, B.company, B.area, C.name, C.phoneNumber from MatchTBL A, MateTBL B, UserTBL C where A.partnerID='2051529128' and A.partnerName='다은' and A.telegramID = B.telegramID and A.name = B.name and coupling='N' and C.telegramID = B.telegramID and A.del='N'
2
0
P||2051529128||다은 <-> 조성훈, tall : 177 age : 31 company : 한은 area : 분당

조성훈 number : 010-3344-9987에게 연락하여 조성훈에 대해 문의하세요!
P||2051529128||다은 -> 김태훈, tall : 180 age : 29 company : 한국은행 area : 분당

김태훈 number : 01088612469에게 연락하여 김태훈에 대해 문의하세요!
/check
2106117527 /check /check
insert into LogTBL values('2106117527','/check','/check',current_timestamp)
/check 지융
2106117527 /check /check 지융
insert into LogTBL values('2106117527','/check 지융','/check',current_timestamp)
select A.*, B.sex, B.tall, B.age, B.company, B.area, C.name, C.phoneNumber from MatchTBL A, MateTBL B, UserTBL C where A.telegramID='2106117527' and A.name='지융' and A.partnerID = B.telegramID and A.partnerName = B.name and C.telegramID = B.telegramID and A.del='N'
select A.*, B.sex, B.tall, B.age, B.company, B.area, C.name, C.phoneNumber from MatchTBL A, MateTBL B, UserTBL C where A.partnerID='2106117527' and A.partnerName='지융' and A.telegramID = B.telegramID and A.name = B.name and coupling='N' and C.telegramID = B.telegramID and A.del='N'
0
0
P||2106117527||매칭 내역이 없습니다.
/check 지윤
2106117527 /check /check 지윤
insert into LogTBL values('2106117527','/check 지윤','/check',current_timestamp)
select A.*, B.sex, B.tall, B.age, B.company, B.area, C.name, C.phoneNumber from MatchTBL A, MateTBL B, UserTBL C where A.telegramID='2106117527' and A.name='지윤' and A.partnerID = B.telegramID and A.partnerName = B.name and C.telegramID = B.telegramID and A.del='N'
select A.*, B.sex, B.tall, B.age, B.company, B.area, C.name, C.phoneNumber from MatchTBL A, MateTBL B, UserTBL C where A.partnerID='2106117527' and A.partnerName='지윤' and A.telegramID = B.telegramID and A.name = B.name and coupling='N' and C.telegramID = B.telegramID and A.del='N'
1
1
P||2106117527||지윤 <-> 공병, tall : 174 age : 26 company : IBD area : 여의도

다슬 number : 010-9071-9204에게 연락하여 공병에 대해 문의하세요!
P||2106117527||지윤 -> 조성훈, tall : 177 age : 31 company : 한은 area : 분당

조성훈 number : 010-3344-9987에게 연락하여 지윤에 대해 문의하세요!
/addr 지윤 173 190 26 29
2106117527 /addr /addr 지윤 173 190 26 29
insert into LogTBL values('2106117527','/addr 지윤 173 190 26 29','/addr',current_timestamp)
6
insert into ReqTBL values('2106117527','지윤','173','190','26','29',NULL,current_timestamp,current_timestamp)
req insert error
(1062, "Duplicate entry '2106117527-지윤' for key 'PRIMARY'")
select * from MateTBL where telegramID ='2106117527' and name = '지윤'
mateData : 지윤
Matching Constructor : P
DB Construcor : P
DB Mode : PROD
<Section: PROD>
select * from MateTBL where tall between '173' and '190' and age between '26' and '29' and sex = '남' and telegramID != '2106117527'
2051529128
2143383014
match data : 2051529128, 공병, 남
select * from ReqTBL where telegramID ='2051529128' and name = '공병'
2051529128 공병 2106117527 지윤
insert into MatchTBL values('2051529128','공병','2106117527','지윤','Y','N',current_timestamp,current_timestamp)
matchData insert error
(1062, "Duplicate entry '2051529128-공병-2106117527-지윤' for key 'PRIMARY'")
insert into MatchTBL values('2106117527','지윤','2051529128','공병','Y','N',current_timestamp,current_timestamp)
matchData insert error
(1062, "Duplicate entry '2106117527-지윤-2051529128-공병' for key 'PRIMARY'")
P||2051529128||소개팅대상자 [공병] 이(가) 매칭되었습니다! 

/check를 통해 매칭데이터를 확인하세요
P||2106117527||소개팅대상자 [지윤] 이(가) 매칭되었습니다! 

/check를 통해 매칭데이터를 확인하세요
match data : 2143383014, 김태훈, 남
select * from ReqTBL where telegramID ='2143383014' and name = '김태훈'
insert into MatchTBL values('2106117527','지윤','2143383014','김태훈','N','N',current_timestamp,current_timestamp)
P||2143383014||소개팅대상자 [김태훈] 을(를) 원하는 사람이 있습니다! 

/check를 통해 매칭데이터를 확인하세요
P||2106117527||소개팅대상자 [지윤] 이(가) 매칭되었습니다! 

/check를 통해 매칭데이터를 확인하세요
Matching Destructor
DB Destructor
/check 지윤
2106117527 /check /check 지윤
insert into LogTBL values('2106117527','/check 지윤','/check',current_timestamp)
select A.*, B.sex, B.tall, B.age, B.company, B.area, C.name, C.phoneNumber from MatchTBL A, MateTBL B, UserTBL C where A.telegramID='2106117527' and A.name='지윤' and A.partnerID = B.telegramID and A.partnerName = B.name and C.telegramID = B.telegramID and A.del='N'
select A.*, B.sex, B.tall, B.age, B.company, B.area, C.name, C.phoneNumber from MatchTBL A, MateTBL B, UserTBL C where A.partnerID='2106117527' and A.partnerName='지윤' and A.telegramID = B.telegramID and A.name = B.name and coupling='N' and C.telegramID = B.telegramID and A.del='N'
2
1
P||2106117527||지윤 <-> 공병, tall : 174 age : 26 company : IBD area : 여의도

다슬 number : 010-9071-9204에게 연락하여 공병에 대해 문의하세요!
P||2106117527||지윤 -> 김태훈, tall : 180 age : 29 company : 한국은행 area : 분당

김태훈 number : 01088612469에게 연락하여 김태훈에 대해 문의하세요!
P||2106117527||지윤 -> 조성훈, tall : 177 age : 31 company : 한은 area : 분당

조성훈 number : 010-3344-9987에게 연락하여 지윤에 대해 문의하세요!
/check 공병
2051529128 /check /check 공병
insert into LogTBL values('2051529128','/check 공병','/check',current_timestamp)
select A.*, B.sex, B.tall, B.age, B.company, B.area, C.name, C.phoneNumber from MatchTBL A, MateTBL B, UserTBL C where A.telegramID='2051529128' and A.name='공병' and A.partnerID = B.telegramID and A.partnerName = B.name and C.telegramID = B.telegramID and A.del='N'
select A.*, B.sex, B.tall, B.age, B.company, B.area, C.name, C.phoneNumber from MatchTBL A, MateTBL B, UserTBL C where A.partnerID='2051529128' and A.partnerName='공병' and A.telegramID = B.telegramID and A.name = B.name and coupling='N' and C.telegramID = B.telegramID and A.del='N'
1
0
P||2051529128||공병 <-> 지윤, tall : 160 age : 26 company : 공기업 area : 잠실

지현 number : 010-3489-9834에게 연락하여 지윤에 대해 문의하세요!
/del 지윤
2106117527 /del /del 지윤
insert into LogTBL values('2106117527','/del 지윤','/del',current_timestamp)
delete from MateTBL where telegramID='2106117527' and name='지윤'
delete from ReqTBL where telegramID='2106117527' and name='지윤'
delete from MatchTBL where (telegramID='2106117527' and name='지윤') or (partnerID='2106117527' and partnerName='지윤')
/user
2106117527 /user /user
insert into LogTBL values('2106117527','/user','/user',current_timestamp)
2106117527 지현 010-3489-9834 2020190 Y 2021-11-25 16:48:20 2021-11-25 16:48:20
/show
2106117527 /show /show
insert into LogTBL values('2106117527','/show','/show',current_timestamp)
/check
2106117527 /check /check
insert into LogTBL values('2106117527','/check','/check',current_timestamp)
/check 조성훈
2095289208 /check /check 조성훈
insert into LogTBL values('2095289208','/check 조성훈','/check',current_timestamp)
select A.*, B.sex, B.tall, B.age, B.company, B.area, C.name, C.phoneNumber from MatchTBL A, MateTBL B, UserTBL C where A.telegramID='2095289208' and A.name='조성훈' and A.partnerID = B.telegramID and A.partnerName = B.name and C.telegramID = B.telegramID and A.del='N'
select A.*, B.sex, B.tall, B.age, B.company, B.area, C.name, C.phoneNumber from MatchTBL A, MateTBL B, UserTBL C where A.partnerID='2095289208' and A.partnerName='조성훈' and A.telegramID = B.telegramID and A.name = B.name and coupling='N' and C.telegramID = B.telegramID and A.del='N'
1
0
P||2095289208||조성훈 <-> 다은, tall : 155 age : 26 company : 마케팅 area : 부천

다슬 number : 010-9071-9204에게 연락하여 다은에 대해 문의하세요!
/notice
2095289208 /notice /notice
insert into LogTBL values('2095289208','/notice','/notice',current_timestamp)
/user
2095289208 /user /user
insert into LogTBL values('2095289208','/user','/user',current_timestamp)
2095289208 조성훈 010-3344-9987 1710273 Y 2021-11-27 12:00:38 2021-11-27 12:00:38
/show
2095289208 /show /show
insert into LogTBL values('2095289208','/show','/show',current_timestamp)
/add
2095289208 /add /add
insert into LogTBL values('2095289208','/add','/add',current_timestamp)
1
