Mode : PROD
DB Construcor : P
DB Mode : PROD
<Section: PROD>
/check
2129215544 /check /check
insert into LogTBL values('2129215544','/check','/check',current_timestamp)
/check 현정
2129215544 /check /check 현정
insert into LogTBL values('2129215544','/check 현정','/check',current_timestamp)
select A.*, B.sex, B.tall, B.age, B.company, B.area, C.name, C.phoneNumber from MatchTBL A, MateTBL B, UserTBL C where A.telegramID='2129215544' and A.name='현정' and A.partnerID = B.telegramID and A.partnerName = B.name and C.telegramID = B.telegramID and A.del='N'
select A.*, B.sex, B.tall, B.age, B.company, B.area, C.name, C.phoneNumber from MatchTBL A, MateTBL B, UserTBL C where A.partnerID='2129215544' and A.partnerName='현정' and A.telegramID = B.telegramID and A.name = B.name and coupling='N' and C.telegramID = B.telegramID and A.del='N'
0
0
P||2129215544||매칭 내역이 없습니다.
/add ㅎㅈ 여 162 29 회계사 동작구 010-1111-2222
2129215544 /add /add ㅎㅈ 여 162 29 회계사 동작구 010-1111-2222
insert into LogTBL values('2129215544','/add ㅎㅈ 여 162 29 회계사 동작구 010-1111-2222','/add',current_timestamp)
8
insert into MateTBL(telegramID, name, sex, tall, age, company, area, phoneNumber, regDate, modDate) values('2129215544','ㅎㅈ','여','162','29','회계사','동작구','010-1111-2222',current_timestamp,current_timestamp)
mate insert error
(1452, 'Cannot add or update a child row: a foreign key constraint fails (`BokTing_P`.`MateTBL`, CONSTRAINT `MateTBL_ibfk_1` FOREIGN KEY (`telegramID`) REFERENCES `UserTBL` (`telegramID`))')
/check ㅎㅈ
2129215544 /check /check ㅎㅈ
insert into LogTBL values('2129215544','/check ㅎㅈ','/check',current_timestamp)
select A.*, B.sex, B.tall, B.age, B.company, B.area, C.name, C.phoneNumber from MatchTBL A, MateTBL B, UserTBL C where A.telegramID='2129215544' and A.name='ㅎㅈ' and A.partnerID = B.telegramID and A.partnerName = B.name and C.telegramID = B.telegramID and A.del='N'
select A.*, B.sex, B.tall, B.age, B.company, B.area, C.name, C.phoneNumber from MatchTBL A, MateTBL B, UserTBL C where A.partnerID='2129215544' and A.partnerName='ㅎㅈ' and A.telegramID = B.telegramID and A.name = B.name and coupling='N' and C.telegramID = B.telegramID and A.del='N'
0
0
P||2129215544||매칭 내역이 없습니다.
/check 현정
2129215544 /check /check 현정
insert into LogTBL values('2129215544','/check 현정','/check',current_timestamp)
select A.*, B.sex, B.tall, B.age, B.company, B.area, C.name, C.phoneNumber from MatchTBL A, MateTBL B, UserTBL C where A.telegramID='2129215544' and A.name='현정' and A.partnerID = B.telegramID and A.partnerName = B.name and C.telegramID = B.telegramID and A.del='N'
select A.*, B.sex, B.tall, B.age, B.company, B.area, C.name, C.phoneNumber from MatchTBL A, MateTBL B, UserTBL C where A.partnerID='2129215544' and A.partnerName='현정' and A.telegramID = B.telegramID and A.name = B.name and coupling='N' and C.telegramID = B.telegramID and A.del='N'
0
0
P||2129215544||매칭 내역이 없습니다.
/show
2145991139 /show /show
insert into LogTBL values('2145991139','/show','/show',current_timestamp)
/check ㅎㅈ
2129215544 /check /check ㅎㅈ
insert into LogTBL values('2129215544','/check ㅎㅈ','/check',current_timestamp)
select A.*, B.sex, B.tall, B.age, B.company, B.area, C.name, C.phoneNumber from MatchTBL A, MateTBL B, UserTBL C where A.telegramID='2129215544' and A.name='ㅎㅈ' and A.partnerID = B.telegramID and A.partnerName = B.name and C.telegramID = B.telegramID and A.del='N'
select A.*, B.sex, B.tall, B.age, B.company, B.area, C.name, C.phoneNumber from MatchTBL A, MateTBL B, UserTBL C where A.partnerID='2129215544' and A.partnerName='ㅎㅈ' and A.telegramID = B.telegramID and A.name = B.name and coupling='N' and C.telegramID = B.telegramID and A.del='N'
0
0
P||2129215544||매칭 내역이 없습니다.
/addr
2129215544 /addr /addr
insert into LogTBL values('2129215544','/addr','/addr',current_timestamp)
1
/addr 현정 173 200 29 33
2129215544 /addr /addr 현정 173 200 29 33
insert into LogTBL values('2129215544','/addr 현정 173 200 29 33','/addr',current_timestamp)
6
/show
2129215544 /show /show
insert into LogTBL values('2129215544','/show','/show',current_timestamp)
/add 현정 여 169 28 금융권 역삼 010-2222-3333
2129215544 /add /add 현정 여 169 28 금융권 역삼 010-2222-3333
insert into LogTBL values('2129215544','/add 현정 여 169 28 금융권 역삼 010-2222-3333','/add',current_timestamp)
8
insert into MateTBL(telegramID, name, sex, tall, age, company, area, phoneNumber, regDate, modDate) values('2129215544','현정','여','169','28','금융권','역삼','010-2222-3333',current_timestamp,current_timestamp)
mate insert error
(1452, 'Cannot add or update a child row: a foreign key constraint fails (`BokTing_P`.`MateTBL`, CONSTRAINT `MateTBL_ibfk_1` FOREIGN KEY (`telegramID`) REFERENCES `UserTBL` (`telegramID`))')
/addr 현정 173 200 29 33
2129215544 /addr /addr 현정 173 200 29 33
insert into LogTBL values('2129215544','/addr 현정 173 200 29 33','/addr',current_timestamp)
6
/user
2129215544 /user /user
insert into LogTBL values('2129215544','/user','/user',current_timestamp)
/join
2129215544 /join /join
insert into LogTBL values('2129215544','/join','/join',current_timestamp)
/join 이동민 010-8370-7760 2020092
2129215544 /join /join 이동민 010-8370-7760 2020092
insert into LogTBL values('2129215544','/join 이동민 010-8370-7760 2020092','/join',current_timestamp)
insert into UserTBL values('2129215544','이동민','010-8370-7760','2020092','Y',current_timestamp,current_timestamp)
/user
2129215544 /user /user
insert into LogTBL values('2129215544','/user','/user',current_timestamp)
2129215544 이동민 010-8370-7760 2020092 Y 2021-12-05 12:12:02 2021-12-05 12:12:02
/add 현정 여 169 28 금융권 역삼 010-2222-3333
2129215544 /add /add 현정 여 169 28 금융권 역삼 010-2222-3333
insert into LogTBL values('2129215544','/add 현정 여 169 28 금융권 역삼 010-2222-3333','/add',current_timestamp)
8
insert into MateTBL(telegramID, name, sex, tall, age, company, area, phoneNumber, regDate, modDate) values('2129215544','현정','여','169','28','금융권','역삼','010-2222-3333',current_timestamp,current_timestamp)
/addr 현정 173 200 29 33
2129215544 /addr /addr 현정 173 200 29 33
insert into LogTBL values('2129215544','/addr 현정 173 200 29 33','/addr',current_timestamp)
6
insert into ReqTBL values('2129215544','현정','173','200','29','33',NULL,current_timestamp,current_timestamp)
select * from MateTBL where telegramID ='2129215544' and name = '현정'
mateData : 현정
Matching Constructor : P
DB Construcor : P
DB Mode : PROD
<Section: PROD>
select * from MateTBL where tall between '173' and '200' and age between '29' and '33' and sex = '남' and telegramID != '2129215544'
2095289208
2143383014
match data : 2095289208, 조성훈, 남
select * from ReqTBL where telegramID ='2095289208' and name = '조성훈'
2095289208 조성훈 2129215544 현정
insert into MatchTBL values('2095289208','조성훈','2129215544','현정','Y','N',current_timestamp,current_timestamp)
insert into MatchTBL values('2129215544','현정','2095289208','조성훈','Y','N',current_timestamp,current_timestamp)
P||2095289208||소개팅대상자 [조성훈] 이(가) 매칭되었습니다! 

/check를 통해 매칭데이터를 확인하세요
P||2129215544||소개팅대상자 [현정] 이(가) 매칭되었습니다! 

/check를 통해 매칭데이터를 확인하세요
match data : 2143383014, 김태훈, 남
select * from ReqTBL where telegramID ='2143383014' and name = '김태훈'
insert into MatchTBL values('2129215544','현정','2143383014','김태훈','N','N',current_timestamp,current_timestamp)
P||2143383014||소개팅대상자 [김태훈] 을(를) 원하는 사람이 있습니다! 

/check를 통해 매칭데이터를 확인하세요
P||2129215544||소개팅대상자 [현정] 이(가) 매칭되었습니다! 

/check를 통해 매칭데이터를 확인하세요
Matching Destructor
DB Destructor
/check
2129215544 /check /check
insert into LogTBL values('2129215544','/check','/check',current_timestamp)
/check 현정
2129215544 /check /check 현정
insert into LogTBL values('2129215544','/check 현정','/check',current_timestamp)
select A.*, B.sex, B.tall, B.age, B.company, B.area, C.name, C.phoneNumber from MatchTBL A, MateTBL B, UserTBL C where A.telegramID='2129215544' and A.name='현정' and A.partnerID = B.telegramID and A.partnerName = B.name and C.telegramID = B.telegramID and A.del='N'
select A.*, B.sex, B.tall, B.age, B.company, B.area, C.name, C.phoneNumber from MatchTBL A, MateTBL B, UserTBL C where A.partnerID='2129215544' and A.partnerName='현정' and A.telegramID = B.telegramID and A.name = B.name and coupling='N' and C.telegramID = B.telegramID and A.del='N'
2
0
P||2129215544||현정 <-> 조성훈, tall : 177 age : 31 company : 한은 area : 분당

조성훈 number : 010-3344-9987에게 연락하여 조성훈에 대해 문의하세요!
P||2129215544||현정 -> 김태훈, tall : 180 age : 29 company : 한국은행 area : 분당

김태훈 number : 01088612469에게 연락하여 김태훈에 대해 문의하세요!
/del 현정
2129215544 /del /del 현정
insert into LogTBL values('2129215544','/del 현정','/del',current_timestamp)
delete from MateTBL where telegramID='2129215544' and name='현정'
delete from ReqTBL where telegramID='2129215544' and name='현정'
delete from MatchTBL where (telegramID='2129215544' and name='현정') or (partnerID='2129215544' and partnerName='현정')
/check 조성훈
2095289208 /check /check 조성훈
insert into LogTBL values('2095289208','/check 조성훈','/check',current_timestamp)
select A.*, B.sex, B.tall, B.age, B.company, B.area, C.name, C.phoneNumber from MatchTBL A, MateTBL B, UserTBL C where A.telegramID='2095289208' and A.name='조성훈' and A.partnerID = B.telegramID and A.partnerName = B.name and C.telegramID = B.telegramID and A.del='N'
select A.*, B.sex, B.tall, B.age, B.company, B.area, C.name, C.phoneNumber from MatchTBL A, MateTBL B, UserTBL C where A.partnerID='2095289208' and A.partnerName='조성훈' and A.telegramID = B.telegramID and A.name = B.name and coupling='N' and C.telegramID = B.telegramID and A.del='N'
0
0
P||2095289208||매칭 내역이 없습니다.
/check 김태훈
2143383014 /check /check 김태훈
insert into LogTBL values('2143383014','/check 김태훈','/check',current_timestamp)
select A.*, B.sex, B.tall, B.age, B.company, B.area, C.name, C.phoneNumber from MatchTBL A, MateTBL B, UserTBL C where A.telegramID='2143383014' and A.name='김태훈' and A.partnerID = B.telegramID and A.partnerName = B.name and C.telegramID = B.telegramID and A.del='N'
select A.*, B.sex, B.tall, B.age, B.company, B.area, C.name, C.phoneNumber from MatchTBL A, MateTBL B, UserTBL C where A.partnerID='2143383014' and A.partnerName='김태훈' and A.telegramID = B.telegramID and A.name = B.name and coupling='N' and C.telegramID = B.telegramID and A.del='N'
0
1
P||2143383014||김태훈 -> 다은, tall : 155 age : 26 company : 마케팅 area : 부천

다슬 number : 010-9071-9204에게 연락하여 김태훈에 대해 문의하세요!
