Mode : PROD
DB Construcor : P
DB Mode : PROD
<Section: PROD>
/join
2026330004 /join /join
insert into LogTBL values('2026330004','/join','/join',current_timestamp)
/add
2026330004 /add /add
insert into LogTBL values('2026330004','/add','/add',current_timestamp)
1
DB Destructor
Mode : PROD
DB Construcor : P
DB Mode : PROD
<Section: PROD>
/start
983117815 /start /start
insert into LogTBL values('983117815','/start','/start',current_timestamp)
/join
983117815 /join /join
insert into LogTBL values('983117815','/join','/join',current_timestamp)
/join 기태 010-6667-0924 2010020
983117815 /join /join 기태 010-6667-0924 2010020
insert into LogTBL values('983117815','/join 기태 010-6667-0924 2010020','/join',current_timestamp)
insert into UserTBL values('983117815','기태','010-6667-0924','2010020','Y',current_timestamp,current_timestamp)
/user
983117815 /user /user
insert into LogTBL values('983117815','/user','/user',current_timestamp)
983117815 기태 010-6667-0924 2010020 Y 2021-11-25 15:27:24 2021-11-25 15:27:24
/show
983117815 /show /show
insert into LogTBL values('983117815','/show','/show',current_timestamp)
/notice
983117815 /notice /notice
insert into LogTBL values('983117815','/notice','/notice',current_timestamp)
/add
983117815 /add /add
insert into LogTBL values('983117815','/add','/add',current_timestamp)
1
/add
2026330004 /add /add
insert into LogTBL values('2026330004','/add','/add',current_timestamp)
1
/add
2026330004 /add /add
insert into LogTBL values('2026330004','/add','/add',current_timestamp)
1
/user
2026330004 /user /user
insert into LogTBL values('2026330004','/user','/user',current_timestamp)
2026330004 표중선 010-5667-6106 2010062 Y 2021-10-21 23:02:39 2021-10-21 23:02:39
/join
2026330004 /join /join
insert into LogTBL values('2026330004','/join','/join',current_timestamp)
/add
2026330004 /add /add
insert into LogTBL values('2026330004','/add','/add',current_timestamp)
1
/del
2026330004 /del /del
insert into LogTBL values('2026330004','/del','/del',current_timestamp)
/show
2026330004 /show /show
insert into LogTBL values('2026330004','/show','/show',current_timestamp)
/addr
2026330004 /addr /addr
insert into LogTBL values('2026330004','/addr','/addr',current_timestamp)
1
/showr
2026330004 /showr /showr
insert into LogTBL values('2026330004','/showr','/showr',current_timestamp)
select * from ReqTBL where telegramID ='2026330004'
/delr
2026330004 /delr /delr
insert into LogTBL values('2026330004','/delr','/delr',current_timestamp)
/check
2026330004 /check /check
insert into LogTBL values('2026330004','/check','/check',current_timestamp)
/write
2026330004 /write /write
insert into LogTBL values('2026330004','/write','/write',current_timestamp)
/notice
2026330004 /notice /notice
insert into LogTBL values('2026330004','/notice','/notice',current_timestamp)
/notice
2026330004 /notice /notice
insert into LogTBL values('2026330004','/notice','/notice',current_timestamp)
/start
2036355131 /start /start
insert into LogTBL values('2036355131','/start','/start',current_timestamp)
/join
2036355131 /join /join
insert into LogTBL values('2036355131','/join','/join',current_timestamp)
DB Destructor
Mode : PROD
DB Construcor : P
DB Mode : PROD
<Section: PROD>
/notice
2026330004 /notice /notice
insert into LogTBL values('2026330004','/notice','/notice',current_timestamp)
/start
2106117527 /start /start
insert into LogTBL values('2106117527','/start','/start',current_timestamp)
/join
2106117527 /join /join
insert into LogTBL values('2106117527','/join','/join',current_timestamp)
/join 지현 010-3489-9834 2020190
2106117527 /join /join 지현 010-3489-9834 2020190
insert into LogTBL values('2106117527','/join 지현 010-3489-9834 2020190','/join',current_timestamp)
insert into UserTBL values('2106117527','지현','010-3489-9834','2020190','Y',current_timestamp,current_timestamp)
/user
2106117527 /user /user
insert into LogTBL values('2106117527','/user','/user',current_timestamp)
2106117527 지현 010-3489-9834 2020190 Y 2021-11-25 16:48:20 2021-11-25 16:48:20
/show
2106117527 /show /show
insert into LogTBL values('2106117527','/show','/show',current_timestamp)
/showr
2106117527 /showr /showr
insert into LogTBL values('2106117527','/showr','/showr',current_timestamp)
select * from ReqTBL where telegramID ='2106117527'
/start
2129215544 /start /start
insert into LogTBL values('2129215544','/start','/start',current_timestamp)
/check
2106117527 /check /check
insert into LogTBL values('2106117527','/check','/check',current_timestamp)
/join
2129215544 /join /join
insert into LogTBL values('2129215544','/join','/join',current_timestamp)
/start
2125804567 /start /start
insert into LogTBL values('2125804567','/start','/start',current_timestamp)
/notice
2026330004 /notice /notice
insert into LogTBL values('2026330004','/notice','/notice',current_timestamp)
/notice
2026330004 /notice /notice
insert into LogTBL values('2026330004','/notice','/notice',current_timestamp)
/add
2106117527 /add /add
insert into LogTBL values('2106117527','/add','/add',current_timestamp)
1
/check
2129215544 /check /check
insert into LogTBL values('2129215544','/check','/check',current_timestamp)
/add 지윤 여 160 26 공기업 잠실 010-0000-0000
2106117527 /add /add 지윤 여 160 26 공기업 잠실 010-0000-0000
insert into LogTBL values('2106117527','/add 지윤 여 160 26 공기업 잠실 010-0000-0000','/add',current_timestamp)
8
insert into MateTBL(telegramID, name, sex, tall, age, company, area, phoneNumber, regDate, modDate) values('2106117527','지윤','여','160','26','공기업','잠실','010-0000-0000',current_timestamp,current_timestamp)
/show
2106117527 /show /show
insert into LogTBL values('2106117527','/show','/show',current_timestamp)
/addr
2106117527 /addr /addr
insert into LogTBL values('2106117527','/addr','/addr',current_timestamp)
1
/start
2051529128 /start /start
insert into LogTBL values('2051529128','/start','/start',current_timestamp)
/join
2051529128 /join /join
insert into LogTBL values('2051529128','/join','/join',current_timestamp)
/addr 지윤 173 190 26 30
2106117527 /addr /addr 지윤 173 190 26 30
insert into LogTBL values('2106117527','/addr 지윤 173 190 26 30','/addr',current_timestamp)
6
insert into ReqTBL values('2106117527','지윤','173','190','26','30',NULL,current_timestamp,current_timestamp)
select * from MateTBL where telegramID ='2106117527' and name = '지윤'
mateData : 지윤
Matching Constructor : P
DB Construcor : P
DB Mode : PROD
<Section: PROD>
select * from MateTBL where tall between '173' and '190' and age between '26' and '30' and sex = '남' and telegramID != '2106117527'
Matching Destructor
DB Destructor
/showr
2106117527 /showr /showr
insert into LogTBL values('2106117527','/showr','/showr',current_timestamp)
select * from ReqTBL where telegramID ='2106117527'
/join 다슬 010-9071-9204 2020246
2051529128 /join /join 다슬 010-9071-9204 2020246
insert into LogTBL values('2051529128','/join 다슬 010-9071-9204 2020246','/join',current_timestamp)
insert into UserTBL values('2051529128','다슬','010-9071-9204','2020246','Y',current_timestamp,current_timestamp)
/add
2129215544 /add /add
insert into LogTBL values('2129215544','/add','/add',current_timestamp)
1
/check
2106117527 /check /check
insert into LogTBL values('2106117527','/check','/check',current_timestamp)
/add
2051529128 /add /add
insert into LogTBL values('2051529128','/add','/add',current_timestamp)
1
/check 지윤
2106117527 /check /check 지윤
insert into LogTBL values('2106117527','/check 지윤','/check',current_timestamp)
select A.*, B.sex, B.tall, B.age, B.company, B.area, C.name, C.phoneNumber from MatchTBL A, MateTBL B, UserTBL C where A.telegramID='2106117527' and A.name='지윤' and A.partnerID = B.telegramID and A.partnerName = B.name and C.telegramID = B.telegramID and A.del='N'
select A.*, B.sex, B.tall, B.age, B.company, B.area, C.name, C.phoneNumber from MatchTBL A, MateTBL B, UserTBL C where A.partnerID='2106117527' and A.partnerName='지윤' and A.telegramID = B.telegramID and A.name = B.name and coupling='N' and C.telegramID = B.telegramID and A.del='N'
0
0
P||2106117527||매칭 내역이 없습니다.
/add 현정 여 169 28 금융권 역삼 010-3333-4444
2129215544 /add /add 현정 여 169 28 금융권 역삼 010-3333-4444
insert into LogTBL values('2129215544','/add 현정 여 169 28 금융권 역삼 010-3333-4444','/add',current_timestamp)
8
insert into MateTBL(telegramID, name, sex, tall, age, company, area, phoneNumber, regDate, modDate) values('2129215544','현정','여','169','28','금융권','역삼','010-3333-4444',current_timestamp,current_timestamp)
mate insert error
(1452, 'Cannot add or update a child row: a foreign key constraint fails (`BokTing_P`.`MateTBL`, CONSTRAINT `MateTBL_ibfk_1` FOREIGN KEY (`telegramID`) REFERENCES `UserTBL` (`telegramID`))')
/add 공병 남 174 IBD 여의도 010-0000-0000
2051529128 /add /add 공병 남 174 IBD 여의도 010-0000-0000
insert into LogTBL values('2051529128','/add 공병 남 174 IBD 여의도 010-0000-0000','/add',current_timestamp)
7
/addr
2129215544 /addr /addr
insert into LogTBL values('2129215544','/addr','/addr',current_timestamp)
1
/add 공병 남 174 IBD 여의도 26 010-0000-0000
2051529128 /add /add 공병 남 174 IBD 여의도 26 010-0000-0000
insert into LogTBL values('2051529128','/add 공병 남 174 IBD 여의도 26 010-0000-0000','/add',current_timestamp)
8
insert into MateTBL(telegramID, name, sex, tall, age, company, area, phoneNumber, regDate, modDate) values('2051529128','공병','남','174','IBD','여의도','26','010-0000-0000',current_timestamp,current_timestamp)
mate insert error
(1366, "Incorrect integer value: 'IBD' for column `BokTing_P`.`MateTBL`.`age` at row 1")
/addr
2051529128 /addr /addr
insert into LogTBL values('2051529128','/addr','/addr',current_timestamp)
1
/addr 공병 160 165 23 29
2051529128 /addr /addr 공병 160 165 23 29
insert into LogTBL values('2051529128','/addr 공병 160 165 23 29','/addr',current_timestamp)
6
/show
2051529128 /show /show
insert into LogTBL values('2051529128','/show','/show',current_timestamp)
/add
2051529128 /add /add
insert into LogTBL values('2051529128','/add','/add',current_timestamp)
1
/start
2140998124 /start /start
insert into LogTBL values('2140998124','/start','/start',current_timestamp)
/join
2140998124 /join /join
insert into LogTBL values('2140998124','/join','/join',current_timestamp)
/join 한새 010-8928-3650 2010305
2140998124 /join /join 한새 010-8928-3650 2010305
insert into LogTBL values('2140998124','/join 한새 010-8928-3650 2010305','/join',current_timestamp)
insert into UserTBL values('2140998124','한새','010-8928-3650','2010305','Y',current_timestamp,current_timestamp)
/user
2140998124 /user /user
insert into LogTBL values('2140998124','/user','/user',current_timestamp)
2140998124 한새 010-8928-3650 2010305 Y 2021-11-26 09:32:36 2021-11-26 09:32:36
/add
2140998124 /add /add
insert into LogTBL values('2140998124','/add','/add',current_timestamp)
1
/show
2051529128 /show /show
insert into LogTBL values('2051529128','/show','/show',current_timestamp)
/add 공병 남 174 IBD 여의도 26 010-0000-0000
2051529128 /add /add 공병 남 174 IBD 여의도 26 010-0000-0000
insert into LogTBL values('2051529128','/add 공병 남 174 IBD 여의도 26 010-0000-0000','/add',current_timestamp)
8
insert into MateTBL(telegramID, name, sex, tall, age, company, area, phoneNumber, regDate, modDate) values('2051529128','공병','남','174','IBD','여의도','26','010-0000-0000',current_timestamp,current_timestamp)
mate insert error
(1366, "Incorrect integer value: 'IBD' for column `BokTing_P`.`MateTBL`.`age` at row 1")
/show
2051529128 /show /show
insert into LogTBL values('2051529128','/show','/show',current_timestamp)
/add 공병 남 174 IBD 여의도 26 010-5883-9166
2051529128 /add /add 공병 남 174 IBD 여의도 26 010-5883-9166
insert into LogTBL values('2051529128','/add 공병 남 174 IBD 여의도 26 010-5883-9166','/add',current_timestamp)
8
insert into MateTBL(telegramID, name, sex, tall, age, company, area, phoneNumber, regDate, modDate) values('2051529128','공병','남','174','IBD','여의도','26','010-5883-9166',current_timestamp,current_timestamp)
mate insert error
(1366, "Incorrect integer value: 'IBD' for column `BokTing_P`.`MateTBL`.`age` at row 1")
/show
2051529128 /show /show
insert into LogTBL values('2051529128','/show','/show',current_timestamp)
/add 공병 남 174 26 IBD 여의도 010-0000-0000
2051529128 /add /add 공병 남 174 26 IBD 여의도 010-0000-0000
insert into LogTBL values('2051529128','/add 공병 남 174 26 IBD 여의도 010-0000-0000','/add',current_timestamp)
8
insert into MateTBL(telegramID, name, sex, tall, age, company, area, phoneNumber, regDate, modDate) values('2051529128','공병','남','174','26','IBD','여의도','010-0000-0000',current_timestamp,current_timestamp)
/show
2051529128 /show /show
insert into LogTBL values('2051529128','/show','/show',current_timestamp)
/addr
2051529128 /addr /addr
insert into LogTBL values('2051529128','/addr','/addr',current_timestamp)
1
/addr 공병 160 165 23 29
2051529128 /addr /addr 공병 160 165 23 29
insert into LogTBL values('2051529128','/addr 공병 160 165 23 29','/addr',current_timestamp)
6
insert into ReqTBL values('2051529128','공병','160','165','23','29',NULL,current_timestamp,current_timestamp)
select * from MateTBL where telegramID ='2051529128' and name = '공병'
mateData : 공병
Matching Constructor : P
DB Construcor : P
DB Mode : PROD
<Section: PROD>
select * from MateTBL where tall between '160' and '165' and age between '23' and '29' and sex = '여' and telegramID != '2051529128'
2106117527
match data : 2106117527, 지윤, 여
select * from ReqTBL where telegramID ='2106117527' and name = '지윤'
2106117527 지윤 2051529128 공병
insert into MatchTBL values('2106117527','지윤','2051529128','공병','Y','N',current_timestamp,current_timestamp)
insert into MatchTBL values('2051529128','공병','2106117527','지윤','Y','N',current_timestamp,current_timestamp)
P||2106117527||소개팅대상자 [지윤] 이(가) 매칭되었습니다! 

/check를 통해 매칭데이터를 확인하세요
P||2051529128||소개팅대상자 [공병] 이(가) 매칭되었습니다! 

/check를 통해 매칭데이터를 확인하세요
Matching Destructor
DB Destructor
/check
2051529128 /check /check
insert into LogTBL values('2051529128','/check','/check',current_timestamp)
/check 공병
2051529128 /check /check 공병
insert into LogTBL values('2051529128','/check 공병','/check',current_timestamp)
select A.*, B.sex, B.tall, B.age, B.company, B.area, C.name, C.phoneNumber from MatchTBL A, MateTBL B, UserTBL C where A.telegramID='2051529128' and A.name='공병' and A.partnerID = B.telegramID and A.partnerName = B.name and C.telegramID = B.telegramID and A.del='N'
select A.*, B.sex, B.tall, B.age, B.company, B.area, C.name, C.phoneNumber from MatchTBL A, MateTBL B, UserTBL C where A.partnerID='2051529128' and A.partnerName='공병' and A.telegramID = B.telegramID and A.name = B.name and coupling='N' and C.telegramID = B.telegramID and A.del='N'
1
0
P||2051529128||공병 <-> 지윤, tall : 160 age : 26 company : 공기업 area : 잠실

지현 number : 010-3489-9834에게 연락하여 지윤에 대해 문의하세요!
/check
2106117527 /check /check
insert into LogTBL values('2106117527','/check','/check',current_timestamp)
/check 지윤
2106117527 /check /check 지윤
insert into LogTBL values('2106117527','/check 지윤','/check',current_timestamp)
select A.*, B.sex, B.tall, B.age, B.company, B.area, C.name, C.phoneNumber from MatchTBL A, MateTBL B, UserTBL C where A.telegramID='2106117527' and A.name='지윤' and A.partnerID = B.telegramID and A.partnerName = B.name and C.telegramID = B.telegramID and A.del='N'
select A.*, B.sex, B.tall, B.age, B.company, B.area, C.name, C.phoneNumber from MatchTBL A, MateTBL B, UserTBL C where A.partnerID='2106117527' and A.partnerName='지윤' and A.telegramID = B.telegramID and A.name = B.name and coupling='N' and C.telegramID = B.telegramID and A.del='N'
1
0
P||2106117527||지윤 <-> 공병, tall : 174 age : 26 company : IBD area : 여의도

다슬 number : 010-9071-9204에게 연락하여 공병에 대해 문의하세요!
/add
2026330004 /add /add
insert into LogTBL values('2026330004','/add','/add',current_timestamp)
1
/addr
2026330004 /addr /addr
insert into LogTBL values('2026330004','/addr','/addr',current_timestamp)
1
/show
2026330004 /show /show
insert into LogTBL values('2026330004','/show','/show',current_timestamp)
DB Destructor
