Mode : PROD
DB Construcor : P
DB Mode : PROD
<Section: PROD>
/check 김태훈
2143383014 /check /check 김태훈
insert into LogTBL values('2143383014','/check 김태훈','/check',current_timestamp)
select A.*, B.sex, B.tall, B.age, B.company, B.area, C.name, C.phoneNumber from MatchTBL A, MateTBL B, UserTBL C where A.telegramID='2143383014' and A.name='김태훈' and A.partnerID = B.telegramID and A.partnerName = B.name and C.telegramID = B.telegramID and A.del='N'
select A.*, B.sex, B.tall, B.age, B.company, B.area, C.name, C.phoneNumber from MatchTBL A, MateTBL B, UserTBL C where A.partnerID='2143383014' and A.partnerName='김태훈' and A.telegramID = B.telegramID and A.name = B.name and coupling='N' and C.telegramID = B.telegramID and A.del='N'
0
2
P||2143383014||김태훈 -> 다은, tall : 155 age : 26 company : 마케팅 area : 부천

다슬 number : 010-9071-9204에게 연락하여 김태훈에 대해 문의하세요!
P||2143383014||김태훈 -> 방민선, tall : 160 age : 27 company : 공무원 area : 인천

김민재 number : 010-9275-2770에게 연락하여 김태훈에 대해 문의하세요!
/check 조성훈
2095289208 /check /check 조성훈
insert into LogTBL values('2095289208','/check 조성훈','/check',current_timestamp)
select A.*, B.sex, B.tall, B.age, B.company, B.area, C.name, C.phoneNumber from MatchTBL A, MateTBL B, UserTBL C where A.telegramID='2095289208' and A.name='조성훈' and A.partnerID = B.telegramID and A.partnerName = B.name and C.telegramID = B.telegramID and A.del='N'
select A.*, B.sex, B.tall, B.age, B.company, B.area, C.name, C.phoneNumber from MatchTBL A, MateTBL B, UserTBL C where A.partnerID='2095289208' and A.partnerName='조성훈' and A.telegramID = B.telegramID and A.name = B.name and coupling='N' and C.telegramID = B.telegramID and A.del='N'
0
1
P||2095289208||조성훈 -> 방민선, tall : 160 age : 27 company : 공무원 area : 인천

김민재 number : 010-9275-2770에게 연락하여 조성훈에 대해 문의하세요!
