Mode : PROD
DB Construcor : P
DB Mode : PROD
<Section: PROD>
/start
5006446171 /start /start
insert into LogTBL values('5006446171','/start','/start',current_timestamp)
/join
5006446171 /join /join
insert into LogTBL values('5006446171','/join','/join',current_timestamp)
/join
5006446171 /join /join
insert into LogTBL values('5006446171','/join','/join',current_timestamp)
/join 지은 010-4906-6106 9209260
5006446171 /join /join 지은 010-4906-6106 9209260
insert into LogTBL values('5006446171','/join 지은 010-4906-6106 9209260','/join',current_timestamp)
insert into UserTBL values('5006446171','지은','010-4906-6106','9209260','Y',current_timestamp,current_timestamp)
/notice
5006446171 /notice /notice
insert into LogTBL values('5006446171','/notice','/notice',current_timestamp)
/add
5006446171 /add /add
insert into LogTBL values('5006446171','/add','/add',current_timestamp)
1
/show
5006446171 /show /show
insert into LogTBL values('5006446171','/show','/show',current_timestamp)
/add 지은 여 160 30 경상남도광역정신건강복지센터 부산 010-4906-6106
5006446171 /add /add 지은 여 160 30 경상남도광역정신건강복지센터 부산 010-4906-6106
insert into LogTBL values('5006446171','/add 지은 여 160 30 경상남도광역정신건강복지센터 부산 010-4906-6106','/add',current_timestamp)
8
insert into MateTBL(telegramID, name, sex, tall, age, company, area, phoneNumber, regDate, modDate) values('5006446171','지은','여','160','30','경상남도광역정신건강복지센터','부산','010-4906-6106',current_timestamp,current_timestamp)
/show
5006446171 /show /show
insert into LogTBL values('5006446171','/show','/show',current_timestamp)
/addr
5006446171 /addr /addr
insert into LogTBL values('5006446171','/addr','/addr',current_timestamp)
1
/del
5006446171 /del /del
insert into LogTBL values('5006446171','/del','/del',current_timestamp)
/del 지은
5006446171 /del /del 지은
insert into LogTBL values('5006446171','/del 지은','/del',current_timestamp)
delete from MateTBL where telegramID='5006446171' and name='지은'
delete from ReqTBL where telegramID='5006446171' and name='지은'
delete from MatchTBL where (telegramID='5006446171' and name='지은') or (partnerID='5006446171' and partnerName='지은')
/notice
2026330004 /notice /notice
insert into LogTBL values('2026330004','/notice','/notice',current_timestamp)
