Notice Constructor : P
DB Construcor : P
DB Mode : PROD
<Section: PROD>
Mode : PROD
DB Construcor : P
DB Mode : PROD
<Section: PROD>
select * from NoticeTBL where send='N' order by regDate
select * from UserTBL where enable='Y'
(3, ' 매칭내역 조회기간이 2주로 수정되었습니다. 소개팅대상의 핸드폰번호 입력이 삭제되었습니다', 'N', datetime.datetime(2021, 12, 10, 10, 11, 19), datetime.datetime(2021, 12, 10, 10, 11, 19))
P||2026330004||[공지사항 2021-12-10] 매칭내역 조회기간이 2주로 수정되었습니다. 소개팅대상의 핸드폰번호 입력이 삭제되었습니다
P||2051529128||[공지사항 2021-12-10] 매칭내역 조회기간이 2주로 수정되었습니다. 소개팅대상의 핸드폰번호 입력이 삭제되었습니다
P||2095289208||[공지사항 2021-12-10] 매칭내역 조회기간이 2주로 수정되었습니다. 소개팅대상의 핸드폰번호 입력이 삭제되었습니다
P||2106117527||[공지사항 2021-12-10] 매칭내역 조회기간이 2주로 수정되었습니다. 소개팅대상의 핸드폰번호 입력이 삭제되었습니다
P||2129215544||[공지사항 2021-12-10] 매칭내역 조회기간이 2주로 수정되었습니다. 소개팅대상의 핸드폰번호 입력이 삭제되었습니다
P||2140998124||[공지사항 2021-12-10] 매칭내역 조회기간이 2주로 수정되었습니다. 소개팅대상의 핸드폰번호 입력이 삭제되었습니다
P||2143383014||[공지사항 2021-12-10] 매칭내역 조회기간이 2주로 수정되었습니다. 소개팅대상의 핸드폰번호 입력이 삭제되었습니다
P||5006446171||[공지사항 2021-12-10] 매칭내역 조회기간이 2주로 수정되었습니다. 소개팅대상의 핸드폰번호 입력이 삭제되었습니다
P||5013749171||[공지사항 2021-12-10] 매칭내역 조회기간이 2주로 수정되었습니다. 소개팅대상의 핸드폰번호 입력이 삭제되었습니다
P||5060925675||[공지사항 2021-12-10] 매칭내역 조회기간이 2주로 수정되었습니다. 소개팅대상의 핸드폰번호 입력이 삭제되었습니다
P||5080558531||[공지사항 2021-12-10] 매칭내역 조회기간이 2주로 수정되었습니다. 소개팅대상의 핸드폰번호 입력이 삭제되었습니다
P||983117815||[공지사항 2021-12-10] 매칭내역 조회기간이 2주로 수정되었습니다. 소개팅대상의 핸드폰번호 입력이 삭제되었습니다
update NoticeTBL set send='Y', modDate=current_timestamp where seq = '3'
